running test nr. 1 with parameters: -np 28 -c 120 -l 56 -m i+ -n 28 -f 10 -b 1
/dss/dssfs02/lwp-dss-0001/pr63qi/pr63qi-dss-0000/ga84kaf2/shared-folder/build/p4est_dynres/applications/build/SWE_p4est_benchOmpidynresSynthetic_release: error while loading shared libraries: libfabric.so.1: cannot open shared object file: No such file or directory
/dss/dssfs02/lwp-dss-0001/pr63qi/pr63qi-dss-0000/ga84kaf2/shared-folder/build/p4est_dynres/applications/build/SWE_p4est_benchOmpidynresSynthetic_release: error while loading shared libraries: libfabric.so.1: cannot open shared object file: No such file or directory
slurmstepd: error: *** JOB 331022 ON i23r02c04s08 CANCELLED AT 2021-11-24T13:07:53 DUE TO TIME LIMIT ***
